
Gurobi 8.1.1 (win64, Python) logging started 01/08/20 20:49:38

Academic license - for non-commercial use only
Optimize a model with 2373 rows, 1274 columns and 3658 nonzeros
Model has 3080 quadratic constraints
Variable types: 0 continuous, 1274 integer (1274 binary)
Coefficient statistics:
  Matrix range     [1e+00, 1e+00]
  QMatrix range    [1e+00, 1e+00]
  QLMatrix range   [5e-01, 1e+15]
  Objective range  [3e+00, 2e+01]
  Bounds range     [1e+00, 1e+00]
  RHS range        [1e+00, 3e+00]
  QRHS range       [1e+00, 2e+15]
Warning: Quadratic constraints contain large coefficient range on linear part
Warning: Model contains large rhs on quadratic constraints
         Consider reformulating model or setting NumericFocus parameter
         to avoid numerical issues.
Presolve removed 1176 rows and 0 columns
Presolve time: 0.08s
Presolved: 1197 rows, 1274 columns, 2482 nonzeros
Variable types: 0 continuous, 1274 integer (1274 binary)

Root relaxation: objective 5.244000e+03, 2029 iterations, 0.02 seconds

    Nodes    |    Current Node    |     Objective Bounds      |     Work
 Expl Unexpl |  Obj  Depth IntInf | Incumbent    BestBd   Gap | It/Node Time

     0     0 5132.83333    0 1072          - 5132.83333      -     -    0s
H    0     0                     209.0000000 5132.83333  2356%     -    0s
H    0     0                     213.0000000 5132.83333  2310%     -    0s
     0     0 3059.00000    0 1268  213.00000 3059.00000  1336%     -    0s
H    0     0                     220.0000000 3059.00000  1290%     -    0s
     0     0 3059.00000    0 1268  220.00000 3059.00000  1290%     -    1s
     0     0 3043.90208    0 1262  220.00000 3043.90208  1284%     -    1s
     0     0 3043.90208    0 1262  220.00000 3043.90208  1284%     -    1s
H    0     0                     242.0000000 3043.90208  1158%     -    1s
H    0     0                     243.0000000 3043.90208  1153%     -    1s
     0     2 3043.90208    0 1262  243.00000 3043.90208  1153%     -    1s
*  108    93              19     258.0000000 2780.89286   978%   157    2s
*  294   177              20     262.0000000 2575.17160   883%   132    2s
   400   225 1456.31766   11 1262  262.00000 2575.17160   883%   128    5s
H  405   218                     280.0000000 2575.17160   820%   135    7s
H  406   207                     319.0000000 2575.17160   707%   134    7s
   419   216 1436.09478   15 1247  319.00000 2462.40379   672%   130   10s
   430   223 1534.35876   10 1264  319.00000 2249.16294   605%   127   15s
   440   230 2066.83974    6 1308  319.00000 2066.83974   548%   124   20s
   449   236 1737.14167    8 1321  319.00000 1959.05761   514%   122   25s
   457   241 1407.48644   16 1351  319.00000 1881.42357   490%   119   30s
   461   244 1868.46576   12 1344  319.00000 1868.46576   486%   118   36s
   464   251 1815.15816   27 1201  319.00000 1848.48378   479%   207   40s
   488   273 1630.51884   30 1020  319.00000 1720.83101   439%   287   45s
   556   276 1355.00957   32  773  319.00000 1565.58842   391%   361   50s
   708   272 1347.54789   36  734  319.00000 1485.21994   366%   407   55s
  1025   224 1004.37082   34  469  319.00000 1421.07303   345%   399   60s
* 1251   193              42     326.0000000 1340.28474   311%   390   62s
  1454   213 1070.94910   39  526  326.00000 1186.96787   264%   374   65s
  2314   216     cutoff   39       326.00000  926.81006   184%   296   70s

Cutting planes:
  Gomory: 52
  Implied bound: 21
  Clique: 46
  MIR: 3
  StrongCG: 1
  Flow cover: 3
  Zero half: 744

Explored 3915 nodes (784922 simplex iterations) in 74.24 seconds
Thread count was 12 (of 12 available processors)

Solution count 10: 326 319 280 ... 209

Optimal solution found (tolerance 1.00e-04)
Best objective 3.260000000000e+02, best bound 3.260000000000e+02, gap 0.0000%
Optimize a model with 2373 rows, 1274 columns and 3658 nonzeros
Model has 3080 quadratic constraints
Variable types: 0 continuous, 1274 integer (1274 binary)
Coefficient statistics:
  Matrix range     [1e+00, 1e+00]
  QMatrix range    [1e+00, 1e+00]
  QLMatrix range   [5e-01, 1e+15]
  Objective range  [3e+00, 2e+01]
  Bounds range     [1e+00, 1e+00]
  RHS range        [1e+00, 3e+00]
  QRHS range       [1e+00, 2e+15]
Warning: Quadratic constraints contain large coefficient range on linear part
Warning: Model contains large rhs on quadratic constraints
         Consider reformulating model or setting NumericFocus parameter
         to avoid numerical issues.
Presolve removed 1176 rows and 0 columns
Presolve time: 0.16s
Presolved: 1197 rows, 1274 columns, 2482 nonzeros
Variable types: 0 continuous, 1274 integer (1274 binary)

Root relaxation: objective 5.244000e+03, 2029 iterations, 0.02 seconds

    Nodes    |    Current Node    |     Objective Bounds      |     Work
 Expl Unexpl |  Obj  Depth IntInf | Incumbent    BestBd   Gap | It/Node Time

     0     0 5132.83333    0 1072          - 5132.83333      -     -    0s
H    0     0                     209.0000000 5132.83333  2356%     -    0s
H    0     0                     213.0000000 5132.83333  2310%     -    0s
     0     0 3059.00000    0 1268  213.00000 3059.00000  1336%     -    1s
H    0     0                     220.0000000 3059.00000  1290%     -    1s
     0     0 3059.00000    0 1268  220.00000 3059.00000  1290%     -    1s
     0     0 3043.90208    0 1262  220.00000 3043.90208  1284%     -    1s
     0     0 3043.90208    0 1262  220.00000 3043.90208  1284%     -    1s
H    0     0                     242.0000000 3043.90208  1158%     -    1s
H    0     0                     243.0000000 3043.90208  1153%     -    2s
     0     2 3043.90208    0 1262  243.00000 3043.90208  1153%     -    2s
*  108    93              19     258.0000000 2780.89286   978%   157    2s
*  294   177              20     262.0000000 2575.17160   883%   132    2s
   400   225 1456.31766   11 1262  262.00000 2575.17160   883%   128    6s
H  405   218                     280.0000000 2575.17160   820%   135    7s
H  406   207                     319.0000000 2575.17160   707%   134    8s
   416   214 1638.52674    8 1273  319.00000 2523.95359   691%   131   10s
   428   222 1688.51101    6 1207  319.00000 2254.83153   607%   128   15s
   439   229 2097.35615    9 1306  319.00000 2097.82121   558%   124   20s
   448   235 1221.15179   11 1330  319.00000 1990.12135   524%   122   25s
   456   241 1902.03013    9 1349  319.00000 1902.03013   496%   120   30s
   461   244 1868.46576   12 1344  319.00000 1868.46576   486%   118   36s
   464   251 1815.15816   27 1201  319.00000 1848.48378   479%   207   40s
   488   273 1630.51884   30 1020  319.00000 1720.83101   439%   287   46s
   540   287 1556.63160   32  935  319.00000 1592.58970   399%   357   50s
   680   271 1296.90683   35  785  319.00000 1516.99768   376%   407   55s
   979   229     cutoff   42       319.00000 1445.66807   353%   401   60s
* 1251   193              42     326.0000000 1340.28474   311%   390   63s
  1361   192     cutoff   42       326.00000 1234.09970   279%   384   65s
  2113   217  731.53763   39  397  326.00000  926.81006   184%   311   70s

Cutting planes:
  Gomory: 52
  Implied bound: 21
  Clique: 46
  MIR: 3
  StrongCG: 1
  Flow cover: 3
  Zero half: 744

Explored 3915 nodes (784922 simplex iterations) in 74.78 seconds
Thread count was 12 (of 12 available processors)

Solution count 10: 326 319 280 ... 209

Optimal solution found (tolerance 1.00e-04)
Best objective 3.260000000000e+02, best bound 3.260000000000e+02, gap 0.0000%
Optimize a model with 2386 rows, 1274 columns and 3700 nonzeros
Model has 3080 quadratic constraints
Variable types: 0 continuous, 1274 integer (1274 binary)
Coefficient statistics:
  Matrix range     [1e+00, 1e+00]
  QMatrix range    [1e+00, 1e+00]
  QLMatrix range   [5e-01, 1e+15]
  Objective range  [3e+00, 2e+01]
  Bounds range     [1e+00, 1e+00]
  RHS range        [1e+00, 2e+00]
  QRHS range       [1e+00, 2e+15]
Warning: Quadratic constraints contain large coefficient range on linear part
Warning: Model contains large rhs on quadratic constraints
         Consider reformulating model or setting NumericFocus parameter
         to avoid numerical issues.
Presolve removed 1176 rows and 0 columns
Presolve time: 0.17s
Presolved: 1210 rows, 1274 columns, 2524 nonzeros
Variable types: 0 continuous, 1274 integer (1274 binary)

Root relaxation: objective 2.048000e+03, 1754 iterations, 0.01 seconds

    Nodes    |    Current Node    |     Objective Bounds      |     Work
 Expl Unexpl |  Obj  Depth IntInf | Incumbent    BestBd   Gap | It/Node Time

     0     0 2048.00000    0  204          - 2048.00000      -     -    0s
H    0     0                      67.0000000 2048.00000  2957%     -    0s
H    0     0                      74.0000000 2048.00000  2668%     -    0s
     0     0 2044.50000    0  837   74.00000 2044.50000  2663%     -    0s
     0     0 2043.81250    0  837   74.00000 2043.81250  2662%     -    0s
     0     0 2042.15455    0  866   74.00000 2042.15455  2660%     -    0s
     0     0 2040.95000    0  896   74.00000 2040.95000  2658%     -    0s
     0     0 2039.20833    0  896   74.00000 2039.20833  2656%     -    1s
     0     0 2039.20833    0  867   74.00000 2039.20833  2656%     -    1s
H    0     0                      75.0000000 2039.20833  2619%     -    1s
     0     2 2039.20833    0  867   75.00000 2039.20833  2619%     -    1s
H   31    32                      76.0000000 2034.87500  2577%  47.8    1s
H   35    36                      77.0000000 2034.87500  2543%  44.7    1s
   403   304 1076.60714   15  867   77.00000 2034.42095  2542%  50.6    5s
H  408   293                      78.0000000 1955.50000  2407%  59.5    6s
H  408   278                      87.0000000 1955.50000  2148%  59.5    6s
H  412   266                      90.0000000 1916.28929  2029%  58.9    8s
   423   274  555.83333   37 1247   90.00000 1813.71551  1915%  57.4   10s
H  433   266                      92.0000000 1760.64861  1814%  56.1   12s
   445   274  342.33333   22 1338   92.00000 1665.00691  1710%  54.6   15s
H  456   267                      97.0000000 1589.81697  1539%  53.2   19s
   461   270  406.97619   32 1309   97.00000 1516.82157  1464%  52.7   20s
   473   278  426.04167   26 1292   97.00000 1427.95838  1372%  51.3   25s
H  474   264                     100.0000000 1427.53128  1328%  51.2   25s
   486   272 1377.27850   14 1300  100.00000 1377.27850  1277%  50.0   30s
   501   282 1247.79762   11 1324  100.00000 1334.55482  1235%  48.5   35s
   513   290 1226.68333   20 1310  100.00000 1308.19797  1208%  47.3   40s
   525   298 1292.24364   22 1307  100.00000 1292.24364  1192%  46.2   45s
   537   306  342.33333   22 1295  100.00000 1272.88010  1173%  45.2   50s
   546   312  641.00000   31 1304  100.00000 1261.60749  1162%  44.5   55s
   563   323  884.37987   15 1320  100.00000 1247.08664  1147%  43.1   60s
   570   329 1246.00916   11 1245  100.00000 1246.00916  1146%   198   65s
   573   331  426.04167   26 1283  100.00000 1246.00916  1146%   197   70s
   581   336  263.16667   31 1288  100.00000 1239.50204  1140%   194   75s
   594   345  803.00000   29 1290  100.00000 1220.11102  1120%   190   80s
   605   352  432.65833   29 1310  100.00000 1209.92825  1110%   187   85s
   612   358 1133.37500   11 1232  100.00000 1208.64288  1109%   249   91s
   614   359 1208.64288   13 1236  100.00000 1208.64288  1109%   248   95s
   624   366  697.62222   19 1302  100.00000 1208.62293  1109%   244  100s
   635   373 1189.30608   13 1300  100.00000 1189.30608  1089%   240  105s
   647   381  374.87500   37 1289  100.00000 1174.12307  1074%   235  110s
   661   392  406.97619   32 1231  100.00000 1167.99960  1068%   293  119s
   662   393 1138.82778   18 1231  100.00000 1167.99960  1068%   293  120s
   667   396 1167.99960   12 1272  100.00000 1167.99960  1068%   290  125s
   680   405  807.55556   21 1291  100.00000 1162.03291  1062%   285  130s
   689   411 1153.02441    8 1294  100.00000 1153.02441  1053%   281  135s
   691   412  660.62500   30 1289  100.00000 1153.02441  1053%   280  141s
   692   416 1148.90309   71 1258  100.00000 1152.94844  1053%   330  147s
   694   419 1148.10346   72 1259  100.00000 1148.67076  1049%   351  152s
   698   426 1138.41160   73 1225  100.00000 1147.93204  1048%   395  157s
   706   433 1105.73561   74 1137  100.00000 1138.31874  1038%   444  160s
   730   447  679.98990   75  664  100.00000 1076.96505   977%   510  165s
   773   468 1063.83388   77 1068  100.00000 1070.82662   971%   542  171s
   879   514  891.27588   79  906  100.00000 1014.58830   915%   570  176s
  1000   562  780.62208   81  724  100.00000  976.48343   876%   582  180s
  1246   588  802.61989   85  706  100.00000  976.48343   876%   553  185s
  1573   660  149.29167   96  114  100.00000  976.48343   876%   538  191s
  1736   682  816.92712   79  774  100.00000  929.16649   829%   538  195s
  1901   700  579.10371   81  556  100.00000  929.16649   829%   531  200s
  2269   867  633.34217   81  607  100.00000  853.56324   754%   509  205s
  2618  1001  498.02257   83  445  100.00000  832.38712   732%   493  210s
  3067  1200  456.66380   80  464  100.00000  763.67895   664%   480  215s
  3694  1423  463.44092   82  478  100.00000  690.37606   590%   451  220s
  4054  1534  157.10000   83  106  100.00000  669.69457   570%   435  225s
  5075  1861  150.08333   82   99  100.00000  611.45881   511%   395  231s
  6045  2108  288.23881   78  256  100.00000  577.62298   478%   359  235s
  7272  2422  260.76111   87  213  100.00000  541.31119   441%   324  240s
  8482  2695  364.02625   79  335  100.00000  490.03082   390%   299  245s
 10228  3148  201.06090   89  150  100.00000  464.62918   365%   267  250s
 12588  3702  167.80556   87  133  100.00000  403.11267   303%   236  255s
 15765  4525     cutoff   93       100.00000  343.02778   243%   204  262s
 17621  4703  179.27333   80  138  100.00000  323.51316   224%   190  286s
 19087  4826 infeasible   86       100.00000  309.46111   209%   180  291s
 24225  5515  258.01579   81  206  100.00000  265.55172   166%   154  296s
 28955  5908  150.11111   85  121  100.00000  239.30000   139%   137  301s
 33327  6088  127.42857   88  105  100.00000  218.64500   119%   124  305s
 39236  6088  153.35714   88   94  100.00000  201.63529   102%   111  311s
 46002  5749  157.22222   88  130  100.00000  182.95833  83.0%   100  316s
 51649  5098  106.50000   86   89  100.00000  170.00000  70.0%  92.3  320s
 59859  3727  127.33333   89   62  100.00000  151.83333  51.8%  83.2  325s
 68998   627     cutoff   95       100.00000  119.25000  19.3%  74.9  330s

Cutting planes:
  Gomory: 12
  Clique: 7
  Flow cover: 18
  Zero half: 1279

Explored 70327 nodes (5188691 simplex iterations) in 330.64 seconds
Thread count was 12 (of 12 available processors)

Solution count 10: 100 97 92 ... 74

Optimal solution found (tolerance 1.00e-04)
Best objective 1.000000000000e+02, best bound 1.000000000000e+02, gap 0.0000%
Optimize a model with 3174 rows, 1680 columns and 4904 nonzeros
Model has 3864 quadratic constraints
Variable types: 0 continuous, 1680 integer (1680 binary)
Coefficient statistics:
  Matrix range     [1e+00, 1e+00]
  QMatrix range    [1e+00, 1e+00]
  QLMatrix range   [5e-01, 1e+15]
  Objective range  [3e+00, 2e+01]
  Bounds range     [1e+00, 1e+00]
  RHS range        [1e+00, 2e+00]
  QRHS range       [1e+00, 2e+15]
Warning: Quadratic constraints contain large coefficient range on linear part
Warning: Model contains large rhs on quadratic constraints
         Consider reformulating model or setting NumericFocus parameter
         to avoid numerical issues.
Presolve removed 1568 rows and 0 columns
Presolve time: 0.38s
Presolved: 1606 rows, 1680 columns, 3336 nonzeros
Variable types: 0 continuous, 1680 integer (1680 binary)

Root relaxation: objective 2.106000e+03, 2187 iterations, 0.01 seconds

    Nodes    |    Current Node    |     Objective Bounds      |     Work
 Expl Unexpl |  Obj  Depth IntInf | Incumbent    BestBd   Gap | It/Node Time

     0     0 2102.00000    0  349          - 2102.00000      -     -    0s
H    0     0                      88.0000000 2102.00000  2289%     -    0s
     0     0 2094.33333    0  808   88.00000 2094.33333  2280%     -    1s
     0     0 2093.49020    0  897   88.00000 2093.49020  2279%     -    1s
     0     0 2089.64286    0  925   88.00000 2089.64286  2275%     -    1s
     0     0 2089.23077    0  896   88.00000 2089.23077  2274%     -    1s
     0     0 2088.00806    0  953   88.00000 2088.00806  2273%     -    1s
     0     0 2087.71618    0  953   88.00000 2087.71618  2272%     -    1s
     0     0 2087.59020    0 1011   88.00000 2087.59020  2272%     -    1s
     0     0 2087.59020    0  953   88.00000 2087.59020  2272%     -    1s
     0     2 2087.59020    0  953   88.00000 2087.59020  2272%     -    1s
H   31    30                      97.0000000 2084.05383  2049%  54.2    2s
   491   391 1396.77024   32  953   97.00000 2079.01665  2043%  45.4    5s
H  494   373                     100.0000000 1970.54473  1871%  45.1    8s
   502   378  166.50000   54 1721  100.00000 1905.86700  1806%  44.4   10s
   518   389 1651.85436   19 1718  100.00000 1799.05176  1699%  43.0   15s
   533   399 1715.79913    9 1704  100.00000 1715.79913  1616%  41.8   20s
   545   407 1607.12995   24 1714  100.00000 1662.52276  1563%  40.9   25s
   557   415 1605.56484   19 1696  100.00000 1605.56484  1506%  40.0   30s
   568   422 1563.74528   12 1712  100.00000 1563.74528  1464%  39.2   35s
   581   431  617.76495   44 1709  100.00000 1530.66459  1431%  38.4   41s
   590   437 1507.83702   15 1714  100.00000 1507.83702  1408%  37.8   45s
   601   444 1485.46926   29 1732  100.00000 1485.46926  1385%  37.1   50s
   614   453 1459.38504    5 1714  100.00000 1459.38504  1359%  36.3   55s
   625   460 1440.22884   26 1729  100.00000 1440.22884  1340%  35.7   60s
   636   468 1420.39120    5 1717  100.00000 1420.39120  1320%  35.0   66s
   649   476  604.82292   44 1752  100.00000 1409.45117  1309%  34.3   70s
   661   484 1175.42879   19 1742  100.00000 1401.83203  1302%  33.7   75s
   670   492  793.74319   25 1673  100.00000 1400.94867  1301%   223   80s
   673   494 1400.94867    5 1606  100.00000 1400.94867  1301%   222   85s
   681   499  617.76495   44 1680  100.00000 1400.94867  1301%   219   90s
   691   506 1376.20166   32 1674  100.00000 1376.20166  1276%   216   95s
   702   513  166.50000   54 1675  100.00000 1352.40091  1252%   212  100s
   714   521 1337.77846    5 1676  100.00000 1337.77846  1238%   209  106s
   723   527  404.03633   33 1681  100.00000 1328.78909  1229%   206  110s
   734   536 1324.91882   19 1026  100.00000 1324.91882  1225%   293  115s
   737   538 1324.91882   24 1584  100.00000 1324.91882  1225%   292  122s
   741   541 1324.91882   26 1622  100.00000 1324.91882  1225%   290  125s
   757   552 1324.85164   19 1692  100.00000 1324.85164  1225%   284  130s
   766   558 1308.16598   18 1689  100.00000 1308.16598  1208%   281  135s
   775   564 1301.76036   18 1683  100.00000 1301.76036  1202%   277  149s
   776   567 1298.29960   31 1649  100.00000 1301.09409  1201%   340  154s
   778   571 1294.03197   32 1616  100.00000 1297.98749  1198%   359  161s
   782   575 1272.41206   33 1548  100.00000 1293.84671  1194%   426  166s
   806   585  905.46974   35 1033  100.00000 1259.56707  1160%   507  171s
   825   592 1199.13104   37 1387  100.00000 1252.79272  1153%   561  176s
   831   598 1036.12779   37 1233  100.00000 1199.12947  1099%   601  181s
   846   605  912.90634   38  986  100.00000 1169.81407  1070%   663  185s
   880   621 1118.21477   40 1260  100.00000 1133.90606  1034%   711  191s
   940   656 1089.55369   44 1223  100.00000 1133.90606  1034%   751  195s
  1004   693 1059.87029   47 1173  100.00000 1133.90606  1034%   778  201s
  1072   727 1007.96818   50 1091  100.00000 1133.90606  1034%   805  205s
  1235   796  723.34221   56  812  100.00000 1133.90606  1034%   797  211s
  1393   834  466.14071   60  476  100.00000 1133.90606  1034%   756  217s
  1551   889  160.00000   82   80  100.00000 1133.90606  1034%   712  220s
  1695   940  358.13345   39  364  100.00000 1036.11273   936%   706  227s
  1780   972  411.85581   42  435  100.00000 1036.11273   936%   717  231s
  1904  1027  738.33413   39  875  100.00000  972.78217   873%   710  235s
  1973  1046  608.48915   42  728  100.00000  972.78217   873%   716  240s
  2192  1126  282.06352   40  284  100.00000  936.97214   837%   687  245s
  2500  1219  410.41089   42  373  100.00000  899.93772   800%   646  251s
  2735  1363  513.27408   42  596  100.00000  891.90594   792%   633  257s
  2867  1440  314.12514   53  316  100.00000  883.59425   784%   623  260s
  3062  1543     cutoff   60       100.00000  868.17928   768%   615  267s
  3381  1673  455.77574   40  466  100.00000  858.38899   758%   597  273s
  3564  1758  455.26469   37  550  100.00000  849.08355   749%   586  276s
  3919  1933  224.89887   47  236  100.00000  826.64937   727%   569  284s
  4048  1985  491.25084   42  554  100.00000  815.26989   715%   565  287s
  4192  2048  344.31309   50  347  100.00000  806.82632   707%   565  290s
  4701  2286  398.44297   40  467  100.00000  782.18505   682%   543  298s
  4917  2366  133.00000   57   69  100.00000  765.71361   666%   537  302s
  5184  2502  373.20667   40  360  100.00000  756.82505   657%   528  307s
  5401  2581  486.27784   50  532  100.00000  745.96126   646%   523  311s
  5667  2668  468.70862   48  503  100.00000  734.07297   634%   518  316s
  5905  2803  367.19737   43  411  100.00000  719.21576   619%   517  325s
  5923  2785  243.42889   46  237  100.00000  718.24419   618%   518  330s
  6259  2914  223.91463   58  198  100.00000  699.94999   600%   509  335s
  6665  3065  470.64668   59  485  100.00000  685.43799   585%   497  340s
  7208  3274  458.82847   42  431  100.00000  657.64460   558%   478  345s
  7689  3391  398.49809   38  444  100.00000  622.33657   522%   468  351s
  8324  3589  321.77341   65  310  100.00000  603.14831   503%   451  357s
  8954  3817  293.85952   41  281  100.00000  580.01197   480%   437  362s
  9690  4046  370.59976   38  419  100.00000  560.79361   461%   420  368s
 10335  4197 infeasible   44       100.00000  538.56584   439%   407  374s
 11454  4479  126.92593   53  105  100.00000  508.41815   408%   385  380s
 12636  4748  211.24189   56  219  100.00000  489.52491   390%   366  387s
 14209  5126  136.61111   42   76  100.00000  461.94984   362%   340  393s
 15735  5628  329.94310   46  366  100.00000  429.55068   330%   320  403s
 16207  5613  257.52814   41  240  100.00000  424.35164   324%   315  408s
 17673  5891 infeasible   55       100.00000  401.44219   301%   299  413s
 19104  6145  236.64313   64  228  100.00000  382.21878   282%   285  417s
 20549  6388  135.57143   44   92  100.00000  368.49928   268%   272  421s
 23106  6738  156.03030   43  118  100.00000  342.39225   242%   252  427s
 24331  6884  137.50000   45   65  100.00000  330.50505   231%   244  430s
 25661  7180  134.66790   45  953  100.00000  322.53799   223%   235  581s
 25664  7182  152.42375   69 1199  100.00000  322.53799   223%   235  589s
 25665  7183  202.33974   43 1334  100.00000  322.53799   223%   235  593s
 25667  7184  103.00000   57 1325  100.00000  322.53799   223%   235  595s
 25674  7189  231.28992   47 1266  100.00000  322.53799   223%   235  600s
 25686  7197  131.50000   93 1315  100.00000  322.53799   223%   234  605s
 25704  7209  148.80392   54 1301  100.00000  322.53799   223%   234  611s
 25719  7219  249.55854   57 1294  100.00000  322.53799   223%   234  615s
 25733  7228  132.16667   76 1274  100.00000  322.53799   223%   234  620s
 25746  7237  220.05556   42 1331  100.00000  322.53799   223%   234  625s
 25753  7241  312.29925   44 1260  100.00000  322.53799   223%   234  630s
 25766  7250  196.05833   50 1259  100.00000  322.53799   223%   234  635s
 25774  7255  231.28992   47 1248  100.00000  322.53799   223%   234  640s
 25788  7265  111.25000   47 1244  100.00000  322.53799   223%   234  645s
 25798  7271  162.28614   55 1270  100.00000  322.53799   223%   233  650s
 25808  7278  284.04384   45 1283  100.00000  322.53799   223%   233  655s
 25815  7283  202.83704   57 1225  100.00000  322.53799   223%   233  660s
 25822  7287  129.73810   62 1285  100.00000  322.53799   223%   233  665s
 25829  7292  159.10000   49 1251  100.00000  322.53799   223%   233  670s
 25836  7297  268.32039   58 1278  100.00000  322.53799   223%   233  675s
 25847  7304  223.46591   44 1256  100.00000  322.53799   223%   233  680s
 25856  7310  136.50000   49 1283  100.00000  322.53799   223%   233  685s
 25863  7315  162.14583   56 1246  100.00000  322.53799   223%   233  690s
 25872  7321  317.65963   51 1294  100.00000  322.53799   223%   233  695s
 25880  7326  123.00000   57 1236  100.00000  322.53799   223%   233  700s
 25888  7331  111.25000   47 1288  100.00000  322.53799   223%   233  705s
 25895  7336  220.19444   51 1240  100.00000  322.53799   223%   233  710s
 25903  7341  267.26115   44 1237  100.00000  322.53799   223%   232  715s
 25911  7347  162.80000   46 1243  100.00000  322.53799   223%   232  721s
 25917  7351  242.08519   46 1226  100.00000  322.53799   223%   232  725s
 25927  7357  226.36364   39 1238  100.00000  322.53799   223%   232  730s
 25935  7363  123.50000   61 1289  100.00000  322.53799   223%   232  735s
 25944  7369  103.75000   50 1296  100.00000  322.53799   223%   232  740s
 25954  7375  138.00000   56 1249  100.00000  322.53799   223%   232  745s
 25962  7381  209.26149   45 1268  100.00000  322.53799   223%   232  760s
 25963  7381  162.14583   56 1268  100.00000  322.53799   223%   232  769s
 25964  7384  322.53799   42  935  100.00000  322.53799   223%   239  809s
 25966  7386  322.53799   43  796  100.00000  322.53799   223%   239  828s
 25969  7390  322.53799   44  775  100.00000  322.53799   223%   240  847s
 25975  7394  322.53799   45  745  100.00000  322.53799   223%   240  862s
 25981  7398  283.96206   45  542  100.00000  322.53799   223%   240  870s
 25987  7402  322.53799   46  714  100.00000  322.53799   223%   240  875s
 26003  7408  292.18604   47  570  100.00000  322.53799   223%   241  882s
 26039  7421  249.31548   49  412  100.00000  307.93745   208%   241  887s
 26083  7420 infeasible   51       100.00000  307.93745   208%   242  890s
 26130  7430  141.21970   58  176  100.00000  307.83875   208%   242  895s
 26279  7430  222.02105   49  332  100.00000  291.18902   191%   243  900s
 26522  7399 infeasible   51       100.00000  249.07617   149%   243  905s
 27391  7177 infeasible   55       100.00000  206.49602   106%   241  910s

Cutting planes:
  Gomory: 5
  Implied bound: 144
  Clique: 738
  MIR: 15
  Flow cover: 636
  Zero half: 419

Explored 29749 nodes (6726957 simplex iterations) in 914.03 seconds
Thread count was 12 (of 12 available processors)

Solution count 3: 100 97 88 

Optimal solution found (tolerance 1.00e-04)
Best objective 1.000000000000e+02, best bound 1.000000000000e+02, gap 0.0000%
Optimize a model with 2386 rows, 3962 columns and 3700 nonzeros
Model has 3092 quadratic constraints
Variable types: 0 continuous, 3962 integer (3962 binary)
Coefficient statistics:
  Matrix range     [1e+00, 1e+00]
  QMatrix range    [1e+00, 1e+00]
  QLMatrix range   [5e-01, 1e+15]
  Objective range  [1e+00, 2e+01]
  Bounds range     [1e+00, 1e+00]
  RHS range        [1e+00, 2e+00]
  QRHS range       [1e+00, 2e+15]
Warning: Quadratic constraints contain large coefficient range on linear part
Warning: Model contains large rhs on quadratic constraints
         Consider reformulating model or setting NumericFocus parameter
         to avoid numerical issues.
Presolve removed 1176 rows and 2688 columns
Presolve time: 0.32s
Presolved: 1210 rows, 1274 columns, 2524 nonzeros
Variable types: 0 continuous, 1274 integer (1274 binary)

Root relaxation: objective 2.378000e+03, 1721 iterations, 0.01 seconds

    Nodes    |    Current Node    |     Objective Bounds      |     Work
 Expl Unexpl |  Obj  Depth IntInf | Incumbent    BestBd   Gap | It/Node Time

     0     0 2368.16667    0  320          - 2368.16667      -     -    0s
H    0     0                      93.0000000 2368.16667  2446%     -    0s
H    0     0                     106.0000000 2368.16667  2134%     -    0s
     0     0 2342.16346    0  862  106.00000 2342.16346  2110%     -    0s
H    0     0                     112.0000000 2342.16346  1991%     -    1s
     0     0 2341.87500    0  833  112.00000 2341.87500  1991%     -    1s
     0     0 2332.80970    0  889  112.00000 2332.80970  1983%     -    1s
     0     0 2332.15629    0  890  112.00000 2332.15629  1982%     -    1s
     0     0 2331.28992    0  889  112.00000 2331.28992  1982%     -    1s
     0     0 2330.99260    0  888  112.00000 2330.99260  1981%     -    1s
     0     0 2330.93846    0  888  112.00000 2330.93846  1981%     -    1s
     0     0 2330.93846    0  888  112.00000 2330.93846  1981%     -    1s
     0     2 2330.93846    0  888  112.00000 2330.93846  1981%     -    1s
H   31    29                     113.0000000 2305.43846  1940%  87.4    2s
H  314   244                     114.0000000 2305.43846  1922%  36.8    3s
   410   300  472.30952   30  888  114.00000 2266.18921  1888%  43.2    6s
   424   311 1771.96252   17 1272  114.00000 1981.77440  1638%  50.5   10s
H  429   298                     116.0000000 1931.15655  1565%  49.9   12s
   438   304  630.00000   24 1334  116.00000 1851.58697  1496%  48.9   15s
H  443   291                     119.0000000 1789.01562  1403%  48.3   17s
H  443   276                     120.0000000 1761.65787  1368%  48.3   17s
H  450   266                     125.0000000 1701.03413  1261%  47.6   20s
   459   272 1612.00355   19 1316  125.00000 1612.00355  1190%  46.6   25s
   466   277 1537.00096   12 1305  125.00000 1537.00096  1130%  45.9   30s
   473   281 1493.07257   13 1317  125.00000 1493.07257  1094%  45.3   35s
   480   286 1448.06815    9 1312  125.00000 1448.06815  1058%  44.6   40s
H  484   275                     127.0000000 1448.06815  1040%   161   42s
   486   276 1448.06815   10 1259  127.00000 1448.06815  1040%   160   45s
H  486   262                     128.0000000 1448.06815  1031%   160   47s
   490   265 1448.06815    8 1298  128.00000 1448.06815  1031%   159   50s
H  497   255                     129.0000000 1427.18780  1006%   157   54s
   499   257  711.60833   22 1311  129.00000 1418.04851   999%   156   55s
   502   259  604.83373   38 1301  129.00000 1414.00804   996%   155   61s
   505   266 1405.63013   41 1248  129.00000 1408.84854   992%   223   67s
   517   282 1369.53317   43 1187  129.00000 1394.75036   981%   300   71s
   553   305 1354.29448   45 1137  129.00000 1362.63647   956%   419   76s
   577   318 1346.82051   46 1108  129.00000 1354.28945   950%   477   81s
   624   341 1214.84227   47  980  129.00000 1327.21819   929%   534   85s
   722   386 1139.53360   49  893  129.00000 1286.65620   897%   590   90s
   839   423 1242.13570   53  930  129.00000 1242.13570   863%   630   95s
   957   470 1210.58001   55  889  129.00000 1214.84011   842%   641  100s
H 1066   517                     131.0000000 1214.84011   827%   648  104s
  1071   516  931.25191   57  662  131.00000 1214.84011   827%   651  105s
  1434   680  965.20687   61  655  131.00000 1214.72271   827%   569  111s
  1647   800  515.51515   66  345  131.00000 1214.72271   827%   562  117s
  1783   886  160.00000   74   30  131.00000 1107.18160   745%   553  120s
  2021  1006  581.58769   51  476  131.00000 1087.24020   730%   549  125s
  2412  1263  678.90086   58  491  131.00000 1048.02660   700%   522  131s
* 2522  1301              66     132.0000000 1021.35268   674%   523  133s
  2680  1394  915.68823   49  765  132.00000 1012.70988   667%   515  137s
H 2700  1399                     134.0000000 1012.70988   656%   514  137s
  2857  1489  766.43632   53  539  134.00000 1012.70988   656%   509  141s
  3247  1718  647.87928   55  430  134.00000 1012.70988   656%   485  145s
  3953  2041  680.03913   54  517  134.00000  918.18212   585%   452  152s
  4285  2223  521.44531   55  374  134.00000  888.96745   563%   434  155s
  4718  2424  659.44289   51  536  134.00000  869.50215   549%   418  160s
  5470  2785  703.48344   51  506  134.00000  837.14588   525%   392  165s
  6397  3241  552.87426   55  329  134.00000  811.60287   506%   363  171s
  7191  3567  383.91905   58  275  134.00000  792.76155   492%   345  177s
  7779  3846  482.18304   47  356  134.00000  771.90964   476%   332  180s
  8940  4354  250.68642   59  178  134.00000  744.70477   456%   312  186s
 10278  4897  571.97422   51  431  134.00000  719.44138   437%   294  192s
 10905  5137  223.63333   52  110  134.00000  708.94929   429%   288  196s
 11729  5504  340.44136   53  244  134.00000  689.66558   415%   279  208s
 12482  5774  439.38355   64  270  134.00000  675.27160   404%   272  211s
 13590  6219  218.36765   60  131  134.00000  658.40735   391%   262  215s
 15691  6926  422.12207   60  298  134.00000  631.19114   371%   246  223s
 17056  7558  278.20000   60  160  134.00000  618.23155   361%   236  229s
 17356  7572  359.60417   54  244  134.00000  615.79167   360%   234  233s
 18669  8024  397.64815   54  271  134.00000  600.59813   348%   226  253s
 19327  8199     cutoff   70       134.00000  598.48889   347%   223  258s
 20911  8625  309.02717   52  194  134.00000  577.50198   331%   215  262s
 22800  9249  352.41964   49  285  134.00000  562.20775   320%   206  267s
 24616  9750  262.08730   47  164  134.00000  546.07674   308%   198  272s
 26585 10290  164.00000   66   82  134.00000  533.19122   298%   191  276s
 28535 10827     cutoff   71       134.00000  517.20339   286%   184  280s
 30486 11301  141.00000   66   43  134.00000  507.47202   279%   179  285s
 34431 12285  231.46000   56  131  134.00000  486.97205   263%   168  293s
 36249 12666  148.00000   67   64  134.00000  476.36149   255%   164  296s
 38150 13272  156.35000   61  888  134.00000  467.88596   249%   160  436s
 38153 13274  250.31667   58  834  134.00000  437.76915   227%   160  444s
 38154 13275  318.92000   61  807  134.00000  384.82098   187%   160  445s
 38162 13280  293.50000   65  801  134.00000  358.00935   167%   160  450s
 38172 13287  311.67127   55  807  134.00000  311.67127   133%   160  455s
 38181 13293  296.41667   61  811  134.00000  308.85641   130%   160  460s
 38189 13298  191.79167   61  796  134.00000  306.66101   129%   160  465s
 38197 13303  296.69288   57  815  134.00000  305.33276   128%   160  470s
 38208 13311  303.60138   57  820  134.00000  303.60138   127%   160  475s
 38219 13318  276.25000   58  829  134.00000  303.15147   126%   160  480s
 38230 13325  239.90278   54  836  134.00000  302.91977   126%   160  485s
 38240 13332  302.54107   61  824  134.00000  302.54107   126%   160  490s
 38251 13339  155.75000   64  826  134.00000  302.19172   126%   160  495s
 38262 13347  293.50000   65  820  134.00000  302.10508   125%   160  500s
 38275 13355  302.07127   56  814  134.00000  302.07127   125%   160  505s
 38277 13357  274.18750   57  815  134.00000  302.07127   125%   160  510s
 38280 13362  300.70300   50  738  134.00000  300.70300   124%   161  537s
 38282 13365  297.40060   51  716  134.00000  297.40060   122%   161  561s
 38286 13372  295.45612   52  683  134.00000  295.45612   120%   161  580s
 38294 13381  286.77496   53  652  134.00000  292.06240   118%   161  594s
 38306 13389  281.85292   54  592  134.00000  286.73489   114%   161  598s
 38330 13400  278.51202   55  545  134.00000  281.83817   110%   161  600s
 38427 13406  249.18781   57  355  134.00000  275.26046   105%   162  605s
 38934 13345 infeasible   59       134.00000  224.99859  67.9%   162  610s

Cutting planes:
  Implied bound: 53
  Clique: 256
  MIR: 9
  Flow cover: 410
  Zero half: 244

Explored 41308 nodes (6407035 simplex iterations) in 613.07 seconds
Thread count was 12 (of 12 available processors)

Solution count 10: 134 132 131 ... 116

Optimal solution found (tolerance 1.00e-04)
Best objective 1.340000000000e+02, best bound 1.340000000000e+02, gap 0.0000%
Optimize a model with 3174 rows, 5264 columns and 4904 nonzeros
Model has 3864 quadratic constraints
Variable types: 0 continuous, 5264 integer (5264 binary)
Coefficient statistics:
  Matrix range     [1e+00, 1e+00]
  QMatrix range    [1e+00, 1e+00]
  QLMatrix range   [5e-01, 1e+15]
  Objective range  [1e+00, 2e+01]
  Bounds range     [1e+00, 1e+00]
  RHS range        [1e+00, 2e+00]
  QRHS range       [1e+00, 2e+15]
Warning: Quadratic constraints contain large coefficient range on linear part
Warning: Model contains large rhs on quadratic constraints
         Consider reformulating model or setting NumericFocus parameter
         to avoid numerical issues.
Presolve removed 1568 rows and 3584 columns
Presolve time: 0.33s
Presolved: 1606 rows, 1680 columns, 3336 nonzeros
Variable types: 0 continuous, 1680 integer (1680 binary)

Root relaxation: objective 2.378000e+03, 2159 iterations, 0.01 seconds

    Nodes    |    Current Node    |     Objective Bounds      |     Work
 Expl Unexpl |  Obj  Depth IntInf | Incumbent    BestBd   Gap | It/Node Time

     0     0 2368.09524    0  291          - 2368.09524      -     -    0s
H    0     0                      65.0000000 2368.09524  3543%     -    0s
H    0     0                      90.0000000 2368.09524  2531%     -    0s
     0     0 2331.08333    0  832   90.00000 2331.08333  2490%     -    0s
H    0     0                     100.0000000 2331.08333  2231%     -    1s
     0     0 2327.76302    0  888  100.00000 2327.76302  2228%     -    1s
     0     0 2327.17969    0  888  100.00000 2327.17969  2227%     -    1s
     0     0 2327.01389    0  887  100.00000 2327.01389  2227%     -    1s
     0     0 2326.97813    0  888  100.00000 2326.97813  2227%     -    1s
     0     0 2326.97098    0  888  100.00000 2326.97098  2227%     -    1s
     0     0 2326.97098    0  888  100.00000 2326.97098  2227%     -    1s
     0     2 2326.97098    0  888  100.00000 2326.97098  2227%     -    1s
H  266   234                     122.0000000 2302.22098  1787%  33.0    2s
   412   325 1984.92403   16  888  122.00000 2295.47905  1782%  33.5    5s
H  413   309                     136.0000000 2153.75000  1484%  33.5    6s
   427   318 1877.74222   18 1710  136.00000 1984.38686  1359%  32.4   10s
   449   333  348.37500   34 1726  136.00000 1904.73293  1301%  30.8   15s
   463   342 1840.92306   13 1729  136.00000 1840.92306  1254%  29.8   20s
   475   350  177.00000   60 1723  136.00000 1776.52407  1206%  29.1   25s
   487   358 1717.93058   10 1708  136.00000 1717.93058  1163%  28.4   30s
   497   365  513.25000   26 1726  136.00000 1681.12674  1136%  27.8   35s
   508   372  977.00000   31 1727  136.00000 1652.25918  1115%  27.2   42s
   514   376 1362.66667   28 1745  136.00000 1632.07881  1100%  26.9   46s
   520   380 1611.80102   25 1725  136.00000 1611.80102  1085%  26.6   50s
   526   384  335.00000   37 1739  136.00000 1594.45421  1072%  26.3   55s
   536   391 1574.16563   13 1737  136.00000 1574.16563  1057%  25.8   60s
   546   397 1387.40476   23 1742  136.00000 1553.91760  1043%  25.3   65s
   555   403 1539.67671   23 1739  136.00000 1539.67671  1032%  24.9   70s
   568   413 1533.07720   30 1678  136.00000 1533.07720  1027%   216   76s
   570   414 1533.07720   12 1618  136.00000 1533.07720  1027%   215   80s
   575   418  177.00000   60 1668  136.00000 1533.07720  1027%   213   85s
   584   424 1533.07720   23 1735  136.00000 1533.07720  1027%   210   90s
   588   426  337.72500   50 1679  136.00000 1485.64742   992%   209   95s
   595   431 1461.92303   12 1697  136.00000 1461.92303   975%   206  100s
   603   436 1450.34011   22 1698  136.00000 1450.34011   966%   204  105s
   605   438 1450.34011   11 1697  136.00000 1450.34011   966%   203  118s
   606   441 1444.89904   27 1662  136.00000 1450.21910   966%   295  122s
   608   445 1439.08243   28 1642  136.00000 1444.44575   962%   320  129s
   612   449 1428.07384   29 1603  136.00000 1438.30931   958%   373  134s
   618   453 1415.62527   30 1587  136.00000 1428.06569   950%   414  135s
   636   463 1249.09386   31 1345  136.00000 1411.06240   938%   508  141s
   642   466 1179.80433   32 1248  136.00000 1411.06240   938%   551  147s
   657   470 1379.63225   33 1508  136.00000 1386.89448   920%   634  150s
   683   490 1041.33654   34 1073  136.00000 1345.17074   889%   719  158s
   704   497 1300.80723   36 1366  136.00000 1340.69564   886%   762  161s
   722   510 1294.51301   37 1363  136.00000 1294.51301   852%   805  166s
   761   537 1183.55057   39 1188  136.00000 1251.54137   820%   858  170s
   825   566 1010.50518   42 1000  136.00000 1251.54137   820%   890  175s
   913   615  943.10552   47  874  136.00000 1251.54137   820%   863  181s
   984   655  877.23874   52  837  136.00000 1251.54137   820%   861  185s
  1147   703  686.75413   61  617  136.00000 1251.54137   820%   812  191s
  1271   710  146.50000   73   24  136.00000 1212.75055   792%   787  197s
  1306   712  926.00872   35  975  136.00000 1212.75055   792%   816  200s
  1390   741  950.04366   37  972  136.00000 1212.75055   792%   817  206s
  1479   759  878.65215   39  890  136.00000 1212.75055   792%   816  212s
  1575   780  640.67151   41  627  136.00000 1212.75055   792%   821  217s
  1592   795  636.94084   43  621  136.00000 1212.75055   792%   838  220s
  1646   806  198.30556   44  168  136.00000 1212.75055   792%   837  225s
  1785   855     cutoff   71       136.00000 1143.41893   741%   824  230s
  1846   860  876.91057   34  921  136.00000 1116.90489   721%   826  235s
  1993   907  474.88302   45  415  136.00000 1097.28964   707%   819  242s
  2162  1024  895.27198   41  912  136.00000 1097.28964   707%   780  246s
  2195  1022  772.49874   45  752  136.00000 1083.65137   697%   788  251s
  2350  1128  888.95392   34  900  136.00000 1059.68099   679%   787  259s
  2474  1208  678.60939   35  681  136.00000 1059.68099   679%   775  263s
  2553  1261  555.40905   38  550  136.00000 1059.68099   679%   774  267s
  2710  1333  144.50000   46   50  136.00000 1034.04683   660%   756  272s
  2753  1351  762.23887   36  788  136.00000 1034.04683   660%   765  277s
  2864  1417  780.87421   38  792  136.00000 1034.04683   660%   764  280s
  3007  1479  531.68525   42  494  136.00000  990.46605   628%   755  285s
  3155  1576  628.40662   35  655  136.00000  981.19056   621%   747  290s
  3331  1690  588.90134   39  540  136.00000  975.94346   618%   734  295s
  3486  1760  443.77489   44  415  136.00000  967.37025   611%   727  300s
  3635  1835  635.45391   38  637  136.00000  953.39732   601%   722  305s
  3855  1974  507.03102   34  519  136.00000  947.79741   597%   706  311s
  3946  1971  157.25000   46   48  136.00000  939.78562   591%   703  316s
  4173  2083  460.88784   37  479  136.00000  931.49941   585%   693  321s
  4393  2159  557.27625   40  561  136.00000  926.00600   581%   683  327s
  4600  2234  461.54228   42  474  136.00000  919.63169   576%   679  334s
  4826  2315  566.19072   42  561  136.00000  899.53252   561%   673  341s
  5092  2465  153.50000   39   72  136.00000  884.21411   550%   661  348s
  5279  2507  633.86692   37  666  136.00000  881.10594   548%   655  354s
  5627  2664  756.89530   39  768  136.00000  861.82031   534%   641  361s
  6041  2843  307.84725   43  260  136.00000  849.22389   524%   622  367s
  6392  3004  566.97499   34  575  136.00000  828.68823   509%   612  375s
  6720  3124  434.65181   35  362  136.00000  822.74452   505%   600  382s
  7275  3362  526.26776   40  516  136.00000  802.30729   490%   578  390s
  7895  3580  563.82418   33  567  136.00000  781.78881   475%   556  399s
  8315  3739  405.37345   41  376  136.00000  772.03315   468%   545  406s
* 8818  3924              54     137.0000000  768.30366   461%   531  406s
  9048  3977  245.89583   44  191  137.00000  750.67634   448%   524  414s
  9822  4230  223.95833   60  132  137.00000  734.74978   436%   504  430s
 10072  4266  315.19877   37  262  137.00000  730.56546   433%   497  438s
 10973  4582  211.83983   38  148  137.00000  705.19119   415%   477  447s
 12016  4848  220.08667   41  111  137.00000  681.44497   397%   456  456s
 13245  5178 infeasible   39       137.00000  651.67970   376%   433  467s
 14476  5426  417.43964   42  368  137.00000  626.44248   357%   415  476s
 15913  5749  339.72355   42  290  137.00000  592.57838   333%   394  485s
 17388  6105  540.31075   38  487  137.00000  571.53629   317%   376  493s
 18675  6367  178.95000   40   66  137.00000  555.59736   306%   363  500s
 19997  6573  222.85714   43  158  137.00000  535.32438   291%   349  507s
 21432  6868 infeasible   45       137.00000  517.77969   278%   335  513s
 22706  7240  296.93812   37  230  137.00000  501.94034   266%   324  522s
 22831  7123  179.07407   43  117  137.00000  500.96978   266%   323  528s
 24067  7365  229.33333   61  104  137.00000  488.47602   257%   314  532s
 25271  7606  436.38894   59  418  137.00000  473.94394   246%   304  537s
 26564  7978  183.50000   54  888  137.00000  462.05451   237%   295  733s
 26566  7979  327.60644   39 1494  137.00000  462.05451   237%   295  735s
 26567  7980  433.65856   43 1183  137.00000  462.05451   237%   295  742s
 26569  7981  352.39679   41 1355  137.00000  462.05451   237%   295  746s
 26574  7985  207.00000   39 1287  137.00000  462.05451   237%   295  752s
 26578  7987  219.68182   42 1363  137.00000  457.50016   234%   295  755s
 26589  7995  384.49422   57 1315  137.00000  447.27275   226%   295  760s
 26598  8001  291.23790   41 1313  137.00000  443.97293   224%   295  765s
 26608  8007  216.08333   52 1268  137.00000  441.03881   222%   295  770s
 26616  8013  166.81250   46 1313  137.00000  439.17107   221%   295  775s
 26623  8017  437.27653   33 1297  137.00000  437.27653   219%   295  780s
 26629  8021  367.34589   39 1282  137.00000  436.69689   219%   294  785s
 26637  8027  155.00000   48 1300  137.00000  436.29135   218%   294  790s
 26646  8033  263.49653   42 1289  137.00000  435.81153   218%   294  795s
 26654  8038  173.50000   56 1302  137.00000  435.66972   218%   294  800s
 26662  8043  162.25000   48 1301  137.00000  435.39438   218%   294  805s
 26671  8049  345.56590   40 1294  137.00000  434.98112   218%   294  810s
 26680  8055  166.50000   49 1314  137.00000  434.96927   217%   294  815s
 26682  8057  224.03333   41 1314  137.00000  434.96920   217%   294  827s
 26684  8058  343.47222   49 1311  137.00000  434.96920   217%   294  833s
 26685  8062  423.23322   41 1135  137.00000  431.53390   215%   296  883s
 26687  8063  420.38846   42 1113  137.00000  420.38846   207%   296  924s
 26691  8066 infeasible   43       137.00000  417.54264   205%   296  965s
 26697  8068 infeasible   44       137.00000  389.54466   184%   297  990s
 26703  8072  366.19906   45  907  137.00000  388.53951   184%   297  996s
 26709  8072  334.80905   46  830  137.00000  388.53951   184%   297 1001s
 26715  8076  276.52460   47  556  137.00000  388.53433   184%   298 1007s
 26722  8078  240.91354   48  353  137.00000  379.63927   177%   298 1010s
 26743  8076  193.73542   51  232  137.00000  379.46858   177%   299 1015s
 26769  8085 infeasible   55       137.00000  379.08769   177%   299 1020s
 26802  8095  256.60912   47  395  137.00000  379.08769   177%   300 1025s
 26842  8095  248.68492   48  310  137.00000  379.08769   177%   300 1030s
 26885  8093     cutoff   51       137.00000  362.90676   165%   300 1036s
 26956  8096  299.79029   51  584  137.00000  362.90676   165%   300 1041s
 27044  8107  287.13676   48  527  137.00000  352.77792   158%   301 1045s
 27222  8092  256.21816   52  382  137.00000  335.79308   145%   302 1051s
 27414  8097  229.77550   56  293  137.00000  325.91081   138%   303 1055s
 27724  8093  224.36614   48  390  137.00000  303.24375   121%   302 1060s
 28283  8013  210.49952   51  264  137.00000  286.66232   109%   300 1065s
 28709  7916  229.97786   54  418  137.00000  271.84780  98.4%   300 1070s
 29511  7708  192.40383   50  191  137.00000  248.62046  81.5%   296 1075s
 30740  7345  167.94666   51  121  137.00000  227.11720  65.8%   289 1080s
 32857  6478  166.86034   57  148  137.00000  189.71860  38.5%   274 1085s

Cutting planes:
  Gomory: 5
  Implied bound: 75
  Clique: 927
  MIR: 9
  Flow cover: 654
  Inf proof: 1
  Zero half: 532

Explored 35095 nodes (9097321 simplex iterations) in 1086.77 seconds
Thread count was 12 (of 12 available processors)

Solution count 6: 137 136 122 ... 65

Optimal solution found (tolerance 1.00e-04)
Best objective 1.370000000000e+02, best bound 1.370000000000e+02, gap 0.0000%
Optimize a model with 21658 rows, 11130 columns and 32948 nonzeros
Model has 28560 quadratic constraints
Variable types: 0 continuous, 11130 integer (11130 binary)
Coefficient statistics:
  Matrix range     [1e+00, 1e+00]
  QMatrix range    [1e+00, 1e+00]
  QLMatrix range   [5e-01, 1e+15]
  Objective range  [1e+00, 2e+01]
  Bounds range     [1e+00, 1e+00]
  RHS range        [1e+00, 2e+00]
  QRHS range       [1e+00, 2e+15]
Warning: Quadratic constraints contain large coefficient range on linear part
Warning: Model contains large rhs on quadratic constraints
         Consider reformulating model or setting NumericFocus parameter
         to avoid numerical issues.
Presolve removed 10800 rows and 0 columns
Presolve time: 2.29s
Presolved: 10858 rows, 11130 columns, 22148 nonzeros
Variable types: 0 continuous, 11130 integer (11130 binary)

Root relaxation: infeasible, 16647 iterations, 0.71 seconds

    Nodes    |    Current Node    |     Objective Bounds      |     Work
 Expl Unexpl |  Obj  Depth IntInf | Incumbent    BestBd   Gap | It/Node Time

     0     0 infeasible    0               - infeasible      -     -    3s

Explored 0 nodes (16647 simplex iterations) in 3.04 seconds
Thread count was 12 (of 12 available processors)

Solution count 0

Model is infeasible
Best objective -, best bound -, gap -
Optimize a model with 28862 rows, 14760 columns and 43808 nonzeros
Model has 35760 quadratic constraints
Variable types: 0 continuous, 14760 integer (14760 binary)
Coefficient statistics:
  Matrix range     [1e+00, 1e+00]
  QMatrix range    [1e+00, 1e+00]
  QLMatrix range   [5e-01, 1e+15]
  Objective range  [1e+00, 2e+01]
  Bounds range     [1e+00, 1e+00]
  RHS range        [1e+00, 2e+00]
  QRHS range       [1e+00, 2e+15]
Warning: Quadratic constraints contain large coefficient range on linear part
Warning: Model contains large rhs on quadratic constraints
         Consider reformulating model or setting NumericFocus parameter
         to avoid numerical issues.
Presolve removed 14400 rows and 0 columns
Presolve time: 2.75s
Presolved: 14462 rows, 14760 columns, 29408 nonzeros
Variable types: 0 continuous, 14760 integer (14760 binary)

Root relaxation: objective 1.935000e+04, 20067 iterations, 0.72 seconds

    Nodes    |    Current Node    |     Objective Bounds      |     Work
 Expl Unexpl |  Obj  Depth IntInf | Incumbent    BestBd   Gap | It/Node Time

     0     0 19284.3750    0 6898          - 19284.3750      -     -    4s
H    0     0                     154.0000000 19284.3750      -     -    6s
H    0     0                     203.0000000 19284.3750  9400%     -    6s
     0     0 19277.0646    0 14756  203.00000 19277.0646  9396%     -    7s
H    0     0                     224.0000000 19277.0646  8506%     -   14s
     0     0 19276.6807    0 14756  224.00000 19276.6807  8506%     -   15s
     0     0 19271.8222    0 14752  224.00000 19271.8222  8503%     -   17s
     0     0 19271.1186    0 14752  224.00000 19271.1186  8503%     -   19s
     0     0 19270.6955    0 14752  224.00000 19270.6955  8503%     -   21s
     0     0 19270.6086    0 14753  224.00000 19270.6086  8503%     -   23s
     0     0 19270.5812    0 14752  224.00000 19270.5812  8503%     -   24s
     0     0 19270.5812    0 14752  224.00000 19270.5812  8503%     -   25s
     0     2 19270.5812    0 14752  224.00000 19270.5812  8503%     -   30s
     1     4 19035.9383    1 14615  224.00000 19270.5812  8503%  8509   36s
     3     8 18940.5812    2 14510  224.00000 19035.5466  8398%  7827   46s
     7    14 18920.7062    3 14389  224.00000 18923.9562  8348%  8081   50s
    13    20 18708.5812    4 14222  224.00000 18920.2062  8347%  5437   59s
    19    24 18652.3312    5 14101  224.00000 18920.2062  8347%  5513   67s
    25    27 18513.1784    6 13957  224.00000 18920.2062  8347%  4866   73s
H   31    31                     236.0000000 18920.2062  7917%  4268   80s
    37    38 18253.7304    8 13673  236.00000 18920.2062  7917%  3935   86s
    43    44 18165.1453    9 13543  236.00000 18920.2062  7917%  3758   93s
    49    50 18041.2981   10 13419  236.00000 18920.2062  7917%  3615   99s
    56    57 17802.2235   11 13271  236.00000 18920.2062  7917%  3428  105s
    62    63 17644.0985   12 13150  236.00000 18920.2062  7917%  3374  114s
H   67    67                     238.0000000 18920.2062  7850%  3213  114s
    69    70 17490.3354   13 13024  238.00000 18920.2062  7850%  3236  128s
    78    79 17338.2128   14 12903  238.00000 18920.2062  7850%  3030  135s
    86    87 17199.4905   15 12782  238.00000 18920.2062  7850%  2899  141s
    98    99 17069.3787   16 12661  238.00000 18920.2062  7850%  2754  154s
   107   109 16956.2545   17 12540  238.00000 18920.2062  7850%  2772  161s
   116   118 16726.0953   18 12426  238.00000 18920.2062  7850%  2848  166s
   126   125 16582.7543   20 12193  238.00000 18920.2062  7850%  2839  172s
   138   140 16383.9311   22 11960  238.00000 18920.2062  7850%  2814  185s
   146   146 16312.4339   23 11761  238.00000 18920.2062  7850%  2823  190s
   159   161 15380.9479   24 11053  238.00000 18920.2062  7850%  2854  196s
   171   172 15286.3306   25 11035  238.00000 18920.2062  7850%  2816  223s
H  172   173                     254.0000000 18920.2062  7349%  2800  223s
   179   180 15204.1431   26 10930  254.00000 18920.2062  7349%  2787  227s
   204   204 14885.5842   29 10797  254.00000 18920.2062  7349%  2588  231s
   237   239 14755.4407   30 10637  254.00000 18920.2062  7349%  2364  236s
   266   268 14666.5455   31 10562  254.00000 18920.2062  7349%  2226  241s
   299   298 14428.3664   33 10403  254.00000 18920.2062  7349%  2108  258s
H  300   299                     256.0000000 18920.2062  7291%  2101  258s
   329   331 14302.5040   34 10286  256.00000 18920.2062  7291%  1984  262s
   377   380 14101.1522   36 10054  256.00000 18920.2062  7291%  1837  265s
   515   514 13418.0119   42 9482  256.00000 18920.2062  7291%  1497  271s
   697   682 12603.1005   48 8739  256.00000 18920.2062  7291%  1203  280s
   790   758 12399.6762   50 8604  256.00000 18920.2062  7291%  1104  303s
H  793   761                     257.0000000 18920.2062  7262%  1102  303s
   799   757 12117.1335   52 8414  257.00000 18920.2062  7262%  1121  314s
   861   797 11776.5080   55 8293  257.00000 18920.2062  7262%  1098  324s
   868   805 11607.0517   57 8146  257.00000 18920.2062  7262%  1133  330s
   880   814 10557.7151   59 7413  257.00000 18920.2062  7262%  1156  335s
   906   832 9533.34484   71 6603  257.00000 18920.2062  7262%  1165  354s
   968   867 7873.58808   87 4983  257.00000 18920.2062  7262%  1138  360s
H 1047   898                     259.0000000 18920.2062  7205%  1102  632s
  1048   899 15204.0737   27 14752  259.00000 18920.2062  7205%  1101  643s
  1050   900 10962.7857   39 16108  259.00000 18755.0004  7141%  1099  660s
  1054   904 15816.2054   12 16108  259.00000 18755.0000  7141%  1127  707s
  1057   909 18535.2828   26 16000  259.00000 18754.5929  7141%  80.9  783s
  1059   913 18308.8271   27 15879  259.00000 18532.2750  7055%   120  871s
  1063   917 18228.0804   28 15735  259.00000 18308.6291  6969%   193  945s
  1069   921 18148.3750   29 15603  259.00000 18224.7656  6937%   258 1006s
  1075   925 15602.8750   29 13491  259.00000 18148.2561  6907%   318 1083s
  1081   929 17924.1354   30 15489  259.00000 18147.2712  6907%   377 1148s
  1087   933 15391.2500   30 13280  259.00000 17923.9477  6820%   435 1242s
  1093   939 17850.2500   31 15355  259.00000 17850.2500  6792%   497 1341s
  1103   936 17629.2500   32 15192  259.00000 17850.1022  6792%   579 1428s
  1113   945 16043.1250   32 14031  259.00000 17629.2500  6707%   630 1500s
  1121   945 17406.8750   33 15026  259.00000 17629.2466  6707%   706 1574s
  1132   954 16097.0000   33 14036  259.00000 17406.8555  6621%   800 1660s
  1143   963 17173.5000   34 14847  259.00000 17406.8179  6621%   861 1747s
  1153   967 16112.0000   34 14034  259.00000 17173.4673  6531%   930 1846s
  1165   978 17163.0000   35 14839  259.00000 17163.0000  6527%   988 1941s
  1174   980 17158.5000   36 14844  259.00000 17158.5000  6525%  1063 2024s
  1187   989 17156.5000   37 14843  259.00000 17156.5000  6524%  1124 2124s
  1203  1002 17154.0000   38 14842  259.00000 17154.0000  6523%  1203 2227s
  1215  1005 12601.5000   39 10982  259.00000 17153.9068  6523%  1310 2306s
  1227  1012 17144.1250   39 14833  259.00000 17144.1250  6519%  1356 2403s
  1243  1022 17133.0000   40 14825  259.00000 17133.0000  6515%  1426 2517s
  1259  1028 12072.8750   42 10526  259.00000 17124.2347  6512%  1536 2617s
  1272  1035 17122.0000   42 14816  259.00000 17122.0000  6511%  1637 2731s
  1292  1042 12055.4531   44 10516  259.00000 17119.6689  6510%  1754 2833s
  1304  1049 17117.6250   44 14814  259.00000 17117.6250  6509%  1807 3001s
  1327  1061 17115.5000   45 14813  259.00000 17115.5000  6508%  1901 3135s
  1347  1073 17113.5000   46 14812  259.00000 17113.5000  6508%  2011 3260s
  1366  1078 17108.5000   48 14810  259.00000 17108.5000  6506%  2105 3416s
  1391  1100 17106.0000   49 14809  259.00000 17106.0000  6505%  2206 3568s
  1406  1105 17103.5000   50 14808  259.00000 17103.5000  6504%  2318 3712s
  1434  1122 17101.1250   51 14807  259.00000 17101.1250  6503%  2400 3862s
  1469  1145 17099.5000   52 14806  259.00000 17099.5000  6502%  2450 3985s
  1498  1168 16995.7500   53 14690  259.00000 16995.7500  6462%  2558 4151s
  1526  1173 16862.2500   54 14564  259.00000 16862.2500  6411%  2646 4301s
  1559  1199 16853.1250   55 14556  259.00000 16853.1250  6407%  2701 4444s
  1594  1226 16851.3750   56 14555  259.00000 16851.3750  6406%  2757 4603s
  1629  1245 16722.8750   57 14452  259.00000 16722.8750  6357%  2837 4766s
  1667  1266 16611.7500   58 14353  259.00000 16611.7500  6314%  2903 4959s
  1707  1289 16609.5000   59 14352  259.00000 16609.5000  6313%  2993 5138s
  1765  1328 11245.4940   60 9728  259.00000 16607.7500  6312%  3038 5327s
  1819  1363 12385.1250   61 10794  259.00000 16247.3605  6173%  3109 5512s
  1875  1395 14625.0750   62 12666  259.00000 16111.9916  6121%  3151 5716s
  1937  1438 14274.0536   63 12358  259.00000 16111.9916  6121%  3204 5932s
  2001  1473 14180.8795   64 12285  259.00000 16111.9916  6121%  3252 6140s
  2086  1531 12522.6172   65 10907  259.00000 16111.9916  6121%  3273 6352s
  2203  1582 12682.0000   66 11031  259.00000 16111.9916  6121%  3264 6557s
  2331  1650 12480.5885   68 10865  259.00000 16111.9916  6121%  3241 6746s
  2492  1713 12229.4643   70 10681  259.00000 16111.9916  6121%  3166 6920s
H 2533  1657                     264.0000000 16111.9916  6003%  3148 6920s
H 2658  1711                     268.0000000 16111.9916  5912%  3093 7086s
H 2824  1727                     269.0000000 16111.9916  5890%  2984 7086s
  2841  1718 11649.3167   74 10171  269.00000 16111.9916  5890%  2996 7264s
H 2870  1675                     270.0000000 16111.9916  5867%  2980 7264s
  2979  1746 11310.7321   77 10117  270.00000 16111.9916  5867%  2933 7478s
  3048  1767 10808.7094   80 9561  270.00000 16111.9133  5867%  2948 7704s
  3230  1881 9526.87500   83 8404  270.00000 16111.9133  5867%  2878 7917s
H 3252  1890                     272.0000000 16111.9133  5823%  2896 7917s
  3370  1966 8830.18750   88 7673  272.00000 16111.9133  5823%  2827 8125s
  3499  2052 8134.29762   93 7239  272.00000 16111.9133  5823%  2789 8375s
  3549  2105 6221.54167   97 5514  272.00000 16031.7164  5794%  2829 8643s
  3728  2268 4578.39286  105 4208  272.00000 15602.8578  5636%  2769 8838s
  4049  2562 2764.91250  125 2433  272.00000 15602.8578  5636%  2613 9298s
H 4055  2562                     275.0000000 15602.8578  5574%  2612 9298s
  4126  2598 2529.49464  128 2238  275.00000 15590.9520  5569%  2602 9560s
H 4286  2710                     276.0000000 15590.9520  5549%  2577 9900s
  4461  2847 8281.61071   39 6784  276.00000 15590.9520  5549%  2549 10183s
H 4483  2845                     279.0000000 15590.9520  5488%  2544 10183s
  4609  2972 15103.7083   55 13036  279.00000 15358.6236  5405%  2545 10520s
H 4617  2971                     280.0000000 15358.6236  5385%  2558 10520s
  4765  3104 11709.6411   59 10103  280.00000 15358.6236  5385%  2536 10820s
  4870  3186 8766.86061   75 7449  280.00000 15282.4963  5358%  2555 11186s
  5172  3433 2184.89338  130 1935  280.00000 15282.4963  5358%  2483 11802s
  5208  3457 1472.08247  143 1188  280.00000 14959.1125  5243%  2488 12128s
  5360  3578 10957.0882   33 9531  280.00000 14959.1125  5243%  2494 12507s
  5610  3796 8436.83387   44 6997  280.00000 14716.6810  5156%  2448 12893s
  5821  3971 infeasible   60       280.00000 14269.7390  4996%  2444 13287s
  6102  4226 9630.31333   41 8549  280.00000 14269.7390  4996%  2403 13641s
  6623  4657 5016.72513   77 4406  280.00000 14269.7390  4996%  2304 14300s
  6661  4683 4919.86111   78 4320  280.00000 14238.1231  4985%  2304 14723s
  6995  4965 11791.0774   35 10284  280.00000 14238.1231  4985%  2261 15170s
  7262  5192 8536.62102   55 7124  280.00000 14089.0417  4932%  2241 15651s
  7596  5467 11225.2881   36 9672  280.00000 14005.1667  4902%  2219 15971s
  8076  5889 11130.9119   38 9764  280.00000 13995.8388  4899%  2175 16462s
  8317  6080 7661.75721   63 6388  280.00000 13995.8388  4899%  2183 17004s
  8658  6406 2799.67619   88 2283  280.00000 13853.3750  4848%  2172 17383s
  9268  6920 infeasible   61       280.00000 13735.8333  4806%  2111 17921s
  9514  7095 9308.59340   48 7975  280.00000 13689.7075  4789%  2135 18486s
  9836  7345 11131.4702   43 9396  280.00000 13615.7667  4763%  2139 19040s
 10111  7574 7096.21875   65 6006  280.00000 13613.5167  4762%  2127 19527s
 10761  8093 7728.45707   55 6386  280.00000 13613.5167  4762%  2082 20159s
 11021  8316 5803.11661   70 5011  280.00000 13563.1154  4744%  2100 20802s
 11406  8599 infeasible  111       280.00000 13484.1588  4716%  2110 21490s
 11849  8950 11062.1250   43 9723  280.00000 13423.1074  4694%  2105 22149s
 12310  9353 9070.60588   39 8168  280.00000 13359.0405  4671%  2105 22782s
 12904  9828 4475.13393   48 3896  280.00000 13330.1772  4661%  2084 23554s
 13322 10139 4730.68155   72 3985  280.00000 13187.9363  4610%  2097 24389s
 14002 10674 4154.06432   71 3400  280.00000 13017.5557  4549%  2077 25013s
 14871 11372 8134.87219   71 6955  280.00000 12976.9679  4535%  2036 25882s
 15454 11828 10651.5976   37 9086  280.00000 12834.8942  4484%  2026 26741s
 16194 12392 5429.59474   61 4327  280.00000 12781.5740  4465%  2008 27392s
 17614 13602 7760.71227   54 6513  280.00000 12678.0088  4428%  1934 28179s
 17936 13862 6437.52330   44 5201  280.00000 12672.8033  4426%  1948 28180s
 18026 13941 7006.43361   55 5738  280.00000 12672.8033  4426%  1947 28728s
H18172 14039                     281.0000000 12672.8033  4410%  1942 28728s
 18300 14149  603.82083  119  363  281.00000 12671.0822  4409%  1944 29583s
 19014 14675 2347.99152   81 1830  281.00000 12621.1181  4392%  1930 30383s
 19677 15185 8254.82381   41 6925  281.00000 12608.8932  4387%  1921 31191s
 20292 15659 11101.7601   41 9617  281.00000 12521.5625  4356%  1918 31979s
*20589 15868              99     283.0000000 12491.2323  4314%  1917 31979s
 20934 16172 9517.10020   54 8253  283.00000 12488.0417  4313%  1912 32689s
 21531 16660 4481.91466   72 4076  283.00000 12411.1344  4286%  1908 33502s
 22080 17061 4819.11518   58 3848  283.00000 12387.1968  4277%  1912 34325s
 22740 17585 6486.64870   43 5549  283.00000 12358.8345  4267%  1908 34915s
 23728 18402 infeasible   34       283.00000 12329.2952  4257%  1889 35665s
 24129 18722 3105.01786   76 2451  283.00000 12294.1615  4244%  1898 36447s
 24721 19163 6029.04432   66 5298  283.00000 12262.8312  4233%  1896 37245s
H25530 19830                     286.0000000 12245.8631  4182%  1881 50826s
 25531 19831 10281.2660   37 14752  286.00000 12245.8631  4182%  1880 50984s
 25533 19832 2469.86710   68 14501  286.00000 12245.8631  4182%  1880 51093s
 25534 19833 3409.15863   76 7363  286.00000 7304.63542  2454%  1880 52937s
 25535 19834 4082.73384   67 7146  286.00000 4082.73384  1328%  1880 53472s
 25536 19834 1251.10952  113 7898  286.00000 3234.81383  1031%  1880 54860s
 25537 19835  896.85170  169 8639  286.00000 2976.58431   941%  1880 55214s
 25538 19836 2884.98733   85 9356  286.00000 2884.98733   909%  1880 55418s
 25539 19836 1105.16667  131 9701  286.00000 2853.35432   898%  1880 55534s
 25540 19837 2841.73397   43 9953  286.00000 2841.73397   894%  1880 55581s
 25541 19838 1042.25000  115 9983  286.00000 2838.24448   892%  1880 55598s
 25542 19838 2802.98981  194 10037  286.00000 2837.40018   892%  1880 55612s
 25543 19839 2831.88267   78 10196  286.00000 2831.88267   890%  1880 55640s
 25544 19840 2828.32690   74 10337  286.00000 2828.32690   889%  1880 55664s
 25545 19840 1123.79375  159 10441  286.00000 2826.53546   888%  1879 55677s
 25546 19841 1106.45000   93 10445  286.00000 2825.57392   888%  1879 55699s
 25547 19842 2214.98139   53 10378  286.00000 2822.89577   887%  1879 55714s
 25548 19842 2821.85149   66 10466  286.00000 2821.85149   887%  1879 55732s
 25549 19843 2821.16728   66 10493  286.00000 2821.16728   886%  1879 55741s
 25550 19844 2820.83916   87 10554  286.00000 2820.83916   886%  1879 55758s
 25551 19844 2820.09443   58 10501  286.00000 2820.09443   886%  1879 55771s
 25552 19845 2089.40198   58 10452  286.00000 2819.45425   886%  1879 55786s
 25553 19846 2819.19013   63 10535  286.00000 2819.19013   886%  1879 55804s
 25554 19846 1381.50000  102 10563  286.00000 2819.03733   886%  1879 55817s
 25555 19847 2818.85229  114 10585  286.00000 2818.85229   886%  1879 55830s
 25556 19848 2818.69834   65 10561  286.00000 2818.69834   886%  1879 55842s
 25557 19848 2441.46495  215 10568  286.00000 2818.40076   885%  1879 55855s
 25558 19849 2818.27964   55 10605  286.00000 2818.27964   885%  1878 55866s
 25559 19850 2018.25060  101 10619  286.00000 2818.23217   885%  1878 55878s
 25560 19850 2818.20054   45 10602  286.00000 2818.20054   885%  1878 55889s
 25561 19851 2818.11243   56 10574  286.00000 2818.11243   885%  1878 55905s
 25562 19852 1276.32667   81 10609  286.00000 2818.07909   885%  1878 55918s
 25563 19852 2815.32613   84 10415  286.00000 2815.32613   884%  1878 55980s
 25564 19853  897.12719  134 10433  286.00000 2814.34630   884%  1878 56000s
 25565 19854  393.50000  114 10556  286.00000 2813.83491   884%  1878 56014s
 25566 19854 2012.12351  101 10533  286.00000 2813.64656   884%  1878 56027s
 25567 19855 2811.10800   85 10435  286.00000 2811.10800   883%  1878 56073s
 25568 19856 2810.46611   87 10459  286.00000 2810.46611   883%  1878 56091s
 25569 19856 2810.04613   76 10497  286.00000 2810.04613   883%  1878 56119s
 25570 19857  846.52321  119 10511  286.00000 2809.88628   882%  1878 56132s
 25571 19858 2809.35317   67 10482  286.00000 2809.35317   882%  1878 56179s
 25572 19858  319.61905  134 10519  286.00000 2809.16559   882%  1877 56187s
 25573 19859 2809.10288   81 10556  286.00000 2809.10288   882%  1877 56191s
 25574 19860 2809.06158   63 10545  286.00000 2809.06158   882%  1877 56199s
 25575 19860 2808.89247   69 10538  286.00000 2808.89247   882%  1877 56220s
 25576 19861 2808.80382   41 10538  286.00000 2808.80382   882%  1877 56225s
 25577 19862 2808.78512   78 10575  286.00000 2808.78512   882%  1877 56235s
 25578 19862 2808.77338   62 10569  286.00000 2808.77338   882%  1877 56240s
 25579 19863  760.84167  155 10599  286.00000 2808.75920   882%  1877 56264s
 25580 19864  713.00000  143 10616  286.00000 2808.75167   882%  1877 56267s
 25581 19864 2808.74381  121 10622  286.00000 2808.74381   882%  1877 56287s
 25582 19865 2808.74104   58 10615  286.00000 2808.74104   882%  1877 56290s
 25583 19866 2808.73693   80 10612  286.00000 2808.73693   882%  1877 56303s
 25584 19866 1812.03333   90 10618  286.00000 2808.73339   882%  1877 56307s
 25585 19867 1966.92381   71 10611  286.00000 2808.73097   882%  1877 56332s
 25586 19868 2808.72873   83 10632  286.00000 2808.72873   882%  1876 56339s
 25587 19868 1218.41667  121 10637  286.00000 2808.72749   882%  1876 56357s
 25588 19869 2808.72640   70 10647  286.00000 2808.72640   882%  1876 56363s
 25589 19870 1088.22083  125 10623  286.00000 2808.49998   882%  1876 56413s
 25590 19870 2808.48489   77 10633  286.00000 2808.48489   882%  1876 56421s
 25591 19871 1065.03492  108 10499  286.00000 2807.77827   882%  1876 56456s
 25592 19872 1978.74306   84 10555  286.00000 2807.35269   882%  1876 56464s
 25593 19872 1019.34848  121 10525  286.00000 2806.81078   881%  1876 56522s
 25594 19873 2806.30019   64 10514  286.00000 2806.30019   881%  1876 56534s
 25595 19874 1967.81818   73 10469  286.00000 2805.69068   881%  1876 56559s
 25596 19874 1458.71154  108 10543  286.00000 2805.45881   881%  1876 56567s
 25597 19875 2805.07494   71 10503  286.00000 2805.07494   881%  1876 56627s
 25598 19876 1062.93571  136 10499  286.00000 2804.87082   881%  1876 56638s
 25599 19876 2804.77245   87 10522  286.00000 2804.77245   881%  1875 56667s
 25600 19877 2804.73011   67 10562  286.00000 2804.73011   881%  1875 56672s
 25601 19878 2804.70986   51 10583  286.00000 2804.70986   881%  1875 56719s
 25602 19878 2804.70156   54 10577  286.00000 2804.70156   881%  1875 56723s
 25603 19879 2804.69643   41 10578  286.00000 2804.69643   881%  1875 56795s
 25604 19880 2804.69278   78 10603  286.00000 2804.69278   881%  1875 56800s
 25605 19880 2804.58280   71 10539  286.00000 2804.58280   881%  1875 56873s
 25606 19881 2804.55766   59 10550  286.00000 2804.55766   881%  1875 56880s
 25607 19882 2804.54635   84 10572  286.00000 2804.54635   881%  1875 56922s
 25608 19882 2804.53722  115 10617  286.00000 2804.53722   881%  1875 56929s
 25609 19883 2804.44052   47 10557  286.00000 2804.44052   881%  1875 56977s
 25610 19884 2804.39311   72 10555  286.00000 2804.39311   881%  1875 56983s
 25611 19884 2804.31464   68 10547  286.00000 2804.31464   881%  1875 57049s
 25612 19885 2804.23670   71 10504  286.00000 2804.23670   881%  1875 57058s
 25613 19886 2644.31288   97 10556  286.00000 2804.21246   880%  1874 57081s
 25614 19886 2804.19439   87 10571  286.00000 2804.19439   880%  1874 57087s
 25615 19887 2804.19209   95 10574  286.00000 2804.19209   880%  1874 57122s
 25616 19888 2358.91667   83 10576  286.00000 2804.18218   880%  1874 57128s
 25617 19888  618.01429  179 10582  286.00000 2804.17700   880%  1874 57177s
 25618 19889 2753.66031   86 10601  286.00000 2804.17222   880%  1874 57185s
 25619 19890  516.35000  126 10531  286.00000 2804.12271   880%  1874 57193s
 25620 19890 2804.09620   70 10564  286.00000 2804.09620   880%  1874 57199s
 25621 19891  652.79861  110 10574  286.00000 2804.08317   880%  1874 57208s
 25622 19892 2804.07903   81 10614  286.00000 2804.07903   880%  1874 57212s
 25623 19892 2804.07814   80 10613  286.00000 2804.07814   880%  1874 57257s
 25624 19893 2804.07751   68 10616  286.00000 2804.07751   880%  1874 57260s
 25625 19894 2804.07733   55 10598  286.00000 2804.07733   880%  1874 57288s
 25626 19894  491.77778  130 10614  286.00000 2804.07722   880%  1874 57292s
 25627 19895 2804.07710   70 10610  286.00000 2804.07710   880%  1873 57307s
 25628 19896 2804.07693   58 10612  286.00000 2804.07693   880%  1873 57310s
 25629 19896 2804.07684   52 10628  286.00000 2804.07684   880%  1873 57329s
 25630 19897 1030.46703   89 10630  286.00000 2804.07673   880%  1873 57336s
 25631 19898 2804.07661   37 10635  286.00000 2804.07661   880%  1873 57369s
 25632 19898 2804.07630   47 10638  286.00000 2804.07630   880%  1873 57373s
 25633 19899 2469.86710   68 10638  286.00000 2804.07620   880%  1873 57402s
 25634 19900 2804.07618   76 10641  286.00000 2804.07618   880%  1873 57405s
 25635 19900 2804.07612   67 10634  286.00000 2804.07612   880%  1873 57442s
 25636 19901 1251.10952  113 10172  286.00000 2804.07612   880%  1873 57449s
 25637 19902  896.85170  169 10172  286.00000 2804.07612   880%  1873 58227s
 25638 19905 2630.10008   41 8120  286.00000 2804.05968   880%  1911 58432s
 25640 19909 2620.84634   42 8023  286.00000 2648.37289   826%  1914 58565s
 25644 19909 2607.91131   43 8150  286.00000 2640.67330   823%  1918 58685s
 25650 19909 2595.56951   44 8022  286.00000 2640.24994   823%  1924 58797s
 25656 19909 infeasible   44       286.00000 2640.24556   823%  1931 58946s
 25662 19911 infeasible   45       286.00000 2640.18672   823%  1937 59003s
 25668 19914 2013.37460   47 5365  286.00000 2639.91661   823%  1939 59096s
 25675 19920 1994.83612   48 5343  286.00000 2639.89897   823%  1942 59255s
 25682 19922 1962.65257   49 5166  286.00000 2612.76576   814%  1947 59342s
 25689 19925 1803.95391   50 4476  286.00000 2612.76576   814%  1950 59457s
 25696 19930 1874.73220   50 4651  286.00000 2608.75129   812%  1955 59561s
 25703 19935 1839.66684   51 4487  286.00000 2608.74409   812%  1958 59721s
 25713 19939 1776.56111   51 4398  286.00000 2591.38295   806%  1963 59866s
 25724 19944 1736.13478   52 4232  286.00000 2591.38295   806%  1967 59974s
 25737 19954 1681.64441   55 3921  286.00000 2533.11486   786%  1970 60046s
 25753 19969 1594.78473   59 3467  286.00000 2533.10807   786%  1972 60173s
 25767 19976 1531.34195   63 3290  286.00000 2506.75908   776%  1975 60249s
 25784 19990 1382.72610   64 2768  286.00000 2506.69048   776%  1978 60360s
 25801 19998 1321.73454   66 2794  286.00000 2499.96287   774%  1981 60441s
 25822 20009 1311.87484   69 2554  286.00000 2499.96287   774%  1983 60532s
 25848 20025 1240.63331   76 2336  286.00000 2499.96287   774%  1985 60690s
 25877 20044 1072.08039   79 1945  286.00000 2499.96287   774%  1989 60780s
 25901 20049 1060.72777   83 1921  286.00000 2499.96287   774%  1992 60895s
 25920 20057  932.87817   84 1572  286.00000 2499.96287   774%  1996 61029s
 25946 20073  826.07902   95 1195  286.00000 2499.96287   774%  2000 61139s
 25976 20088 2419.44804   48 7975  286.00000 2499.95360   774%  2005 61309s
 26000 20105 2415.28283   49 8100  286.00000 2499.95360   774%  2009 61417s
 26027 20118 2370.36310   51 7381  286.00000 2499.95360   774%  2013 61513s
 26061 20140 2333.82264   53 7176  286.00000 2499.95360   774%  2015 61611s
 26096 20160 2275.18371   56 6696  286.00000 2499.95360   774%  2018 61705s
 26146 20193 2061.71363   58 5661  286.00000 2499.95360   774%  2020 61791s
 26206 20219 2030.88593   59 5410  286.00000 2499.95360   774%  2018 61953s
 26253 20238 1879.07858   62 4899  286.00000 2499.95360   774%  2022 62042s
 26293 20246 1527.21628   64 3681  286.00000 2499.95360   774%  2024 62174s
 26330 20263 1144.53539   72 2181  286.00000 2499.95360   774%  2028 62343s
 26393 20289  421.70594   96  392  286.00000 2470.07666   764%  2030 62506s
 26450 20311 2436.36462   49 7708  286.00000 2470.07666   764%  2034 62667s
 26497 20329 2320.75328   52 6899  286.00000 2470.07666   764%  2038 62863s
 26530 20347 2217.91691   54 6194  286.00000 2470.07666   764%  2045 62990s
 26587 20371 2146.57866   57 5765  286.00000 2470.07666   764%  2047 63170s
 26619 20393 2034.42303   61 5255  286.00000 2470.07666   764%  2054 63344s
